<?xml version="1.0" encoding="UTF-8"?>
<testng-results ignored="0" total="0" passed="0" failed="0" skipped="0">
  <reporter-output>
  </reporter-output>
  <suite started-at="2024-12-28T07:16:22 IST" name="Suite" finished-at="2024-12-28T07:16:22 IST" duration-ms="11">
    <groups>
    </groups>
    <test started-at="2024-12-28T07:16:22 IST" name="Test" finished-at="2024-12-28T07:16:22 IST" duration-ms="11">
      <class name="Campaign.CreateCampaignsTest">
        <test-method is-config="true" signature="Bs()[pri:0, instance:Campaign.CreateCampaignsTest@4135c3b]" started-at="2024-12-28T07:16:22 IST" name="Bs" finished-at="2024-12-28T07:16:22 IST" duration-ms="10" status="PASS">
          <reporter-output>
          </reporter-output>
        </test-method> <!-- Bs -->
        <test-method is-config="true" signature="Bt()[pri:0, instance:Campaign.CreateCampaignsTest@4135c3b]" started-at="2024-12-28T07:16:22 IST" name="Bt" finished-at="2024-12-28T07:16:22 IST" duration-ms="1" status="PASS">
          <reporter-output>
          </reporter-output>
        </test-method> <!-- Bt -->
        <test-method is-config="true" signature="At()[pri:0, instance:Campaign.CreateCampaignsTest@4135c3b]" started-at="2024-12-28T07:16:22 IST" name="At" finished-at="2024-12-28T07:16:22 IST" duration-ms="0" status="PASS">
          <reporter-output>
          </reporter-output>
        </test-method> <!-- At -->
        <test-method is-config="true" signature="As()[pri:0, instance:Campaign.CreateCampaignsTest@4135c3b]" started-at="2024-12-28T07:16:22 IST" name="As" finished-at="2024-12-28T07:16:22 IST" duration-ms="2" status="PASS">
          <reporter-output>
          </reporter-output>
        </test-method> <!-- As -->
      </class> <!-- Campaign.CreateCampaignsTest -->
    </test> <!-- Test -->
  </suite> <!-- Suite -->
</testng-results>
