<?xml version="1.0" encoding="UTF-8"?>
<!-- Generated by org.testng.reporters.JUnitXMLReporter -->
<testsuite ignored="0" hostname="Vijay" failures="0" tests="3" name="Default test" time="96.61" errors="0" timestamp="2024-12-26T08:12:24 IST">
  <testcase classname="TestNg.DataProviderEx3" name="createOrganization" time="36.542"/>
  <testcase classname="TestNg.DataProviderEx3" name="createOrganization" time="29.536"/>
  <testcase classname="TestNg.DataProviderEx3" name="createOrganization" time="30.464"/>
</testsuite> <!-- Default test -->
